Arguments: 
  C:\Program Files\nodejs\node.exe C:\Program Files (x86)\Yarn\bin\yarn.js install

PATH: 
  C:\Program Files (x86)\Microsoft Visual Studio\2019\Community\VC\Tools\MSVC\14.24.28314\bin\HostX86\x86;C:\Program Files (x86)\Microsoft Visual Studio\2019\Community\Common7\IDE\VC\VCPackages;C:\Program Files (x86)\Microsoft Visual Studio\2019\Community\Common7\IDE\CommonExtensions\Microsoft\TestWindow;C:\Program Files (x86)\Microsoft Visual Studio\2019\Community\Common7\IDE\CommonExtensions\Microsoft\TeamFoundation\Team Explorer;C:\Program Files (x86)\Microsoft Visual Studio\2019\Community\MSBuild\Current\bin\Roslyn;C:\Program Files (x86)\Microsoft Visual Studio\2019\Community\Team Tools\Performance Tools;C:\Program Files (x86)\Microsoft Visual Studio\Shared\Common\VSPerfCollectionTools\vs2019\;C:\Program Files (x86)\Microsoft SDKs\Windows\v10.0A\bin\NETFX 4.7.1 Tools\;C:\Program Files (x86)\Windows Kits\10\bin\10.0.18362.0\x86;C:\Program Files (x86)\Windows Kits\10\bin\x86;C:\Program Files (x86)\Microsoft Visual Studio\2019\Community\\MSBuild\Current\Bin;C:\Windows\Microsoft.NET\Framework\v4.0.30319;C:\Program Files (x86)\Microsoft Visual Studio\2019\Community\Common7\IDE\;C:\Program Files (x86)\Microsoft Visual Studio\2019\Community\Common7\Tools\;D:\Programs\cmder_mini\vendor\conemu-maximus5\ConEmu\Scripts;D:\Programs\cmder_mini\vendor\conemu-maximus5;D:\Programs\cmder_mini\vendor\conemu-maximus5\ConEmu;D:\Program Files\PlasticSCM5\server;D:\Program Files\PlasticSCM5\client;;D:\Program Files\Microsoft MPI\Bin;C:\Windows\system32;C:\Windows;C:\Windows\System32\Wbem;C:\Windows\System32\WindowsPowerShell\v1.0;C:\Windows\System32\OpenSSH;C:\Program Files\dotnet;C:\ProgramData\chocolatey\bin;D:\Program Files\Git\cmd;C:\Users\Mayant Mukul\AppData\Roaming\nvm;C:\Program Files\nodejs;C:\Program Files\Java\jdk1.8.0_211\bin;D:\Program Files\CMake\bin;C:\Program Files (x86)\vim\vim80;C:\Program Files\Intel\WiFi\bin;C:\Program Files\Common Files\Intel\WirelessCommon;C:\WINDOWS\system32;C:\WINDOWS;C:\WINDOWS\System32\Wbem;C:\WINDOWS\System32\WindowsPowerShell\v1.0;C:\WINDOWS\System32\OpenSSH;D:\Program Files\Git LFS;C:\Program Files (x86)\Yarn\bin;D:\Program Files (x86)\WinMerge;D:\Program Files\Perforce;D:\Program Files\PuTTY;D:\Program Files\gnuplot\bin;C:\Program Files (x86)\Intel\Intel(R) Management Engine Components\DAL;C:\Program Files\Intel\Intel(R) Management Engine Components\DAL;;C:\Program Files (x86)\NVIDIA Corporation\PhysX\Common;C:\Program Files\NVIDIA Corporation\NVIDIA NvDLISR;D:\Program Files\Python\Scripts;D:\Program Files\Python;C:\Users\Mayant Mukul\AppData\Local\Programs\Python\Launcher;D:\Ruby25-x64\bin;D:\Programs\cmder_mini;C:\Users\Mayant Mukul\AppData\Local\Yarn\bin;C:\Users\Mayant Mukul\AppData\Roaming\npm;D:\Program Files\Microsoft VS Code\bin;C:\Users\Mayant Mukul\AppData\Local\Microsoft\WindowsApps;D:\Program Files\Perforce\Server;D:\Program Files\R\R-3.6.2\bin;C:\Users\Mayant Mukul\AppData\Local\Microsoft\WindowsApps;D:\Programs\ffmpeg-4.2.1-win64-static\bin;C:\Program Files (x86)\Microsoft Visual Studio\2019\Community\VC\Tools\MSVC\14.24.28314\bin\Hostx64\x64;C:\Program Files (x86)\Microsoft Visual Studio\2019\Community\Common7\IDE\CommonExtensions\Microsoft\CMake\CMake\bin;C:\Program Files (x86)\Microsoft Visual Studio\2019\Community\Common7\IDE\CommonExtensions\Microsoft\CMake\Ninja

Yarn version: 
  1.17.3

Node version: 
  12.10.0

Platform: 
  win32 x64

Trace: 
  Error: getaddrinfo ENOTFOUND registry.yarnpkg.com
      at GetAddrInfoReqWrap.onlookup [as oncomplete] (dns.js:60:26)

npm manifest: 
  {
    "name": "mayant15.github.io",
    "private": true,
    "version": "3.0.0",
    "description": "Mayant Mukul's website",
    "author": "Mayant Mukul <mayantmukul@hotmail.com>",
    "scripts": {
      "start": "yarn dev",
      "clean": "rimraf _site",
      "predev": "yarn clean",
      "dev": "concurrently \"yarn webpack:dev\" \"yarn jekyll:dev\"",
      "postdev": "export NODE_ENV=development",
      "prebuild": "yarn clean",
      "build": "yarn webpack && yarn jekyll",
      "postbuild": "export NODE_ENV=production",
      "jekyll": "bundle exec jekyll build",
      "jekyll:dev": "bundle exec jekyll serve jekyll serve --config _config.yml,_config_dev.yml --incremental",
      "webpack": "webpack --progress --config webpack.config.js",
      "webpack:dev": "webpack --progress --config webpack.config.js --colors --watch"
    },
    "license": "MIT",
    "devDependencies": {
      "babel-core": "^6.26.0",
      "babel-loader": "^7.1.2",
      "babel-preset-es2015": "^6.24.1",
      "compression-webpack-plugin": "^1.1.11",
      "concurrently": "^3.5.0",
      "rimraf": "^2.6.1",
      "sw-precache-webpack-plugin": "^0.11.4",
      "uglifyjs-webpack-plugin": "^0.4.6",
      "webpack": "^3.5.5"
    },
    "dependencies": {
      "webfontloader": "^1.6.28"
    }
  }

yarn manifest: 
  No manifest

Lockfile: 
  No lockfile
